[2026-06-27 00:09:05.632] [INFO] FinanceServer starting on 0.0.0.0:50055
[2026-06-27 00:09:05.635] [INFO] FinanceServer gRPC listening on 0.0.0.0:50055
[2026-06-27 00:09:20.392] [INFO] [Finance] ConfirmPayment success, id=36
[2026-06-27 00:19:27.392] [INFO] [Finance] ConfirmPayment success, id=35
[2026-06-27 00:19:29.851] [INFO] [Finance] ConfirmPayment success, id=6
[2026-06-27 00:30:52.858] [WARN] generateInvoice: order 36 not found
[2026-06-27 00:30:52.858] [WARN] [Finance] GenerateInvoice failed for order: 36
[2026-06-27 00:30:54.630] [WARN] generateInvoice: order 36 not found
[2026-06-27 00:30:54.630] [WARN] [Finance] GenerateInvoice failed for order: 36
[2026-06-27 00:41:52.350] [WARN] generateInvoice: invoice already exists for order 1
[2026-06-27 00:41:52.355] [INFO] [Finance] GenerateInvoice success, id=1 invoice_no=INV20260625001
[2026-06-27 00:55:05.186] [INFO] FinanceServer starting on 0.0.0.0:50055
[2026-06-27 00:55:05.188] [INFO] FinanceServer gRPC listening on 0.0.0.0:50055
[2026-06-27 00:55:55.521] [WARN] generateInvoice: invoice already exists for order 7
[2026-06-27 00:55:55.523] [INFO] [Finance] GenerateInvoice success, id=3 invoice_no=INV202606260001
[2026-06-27 00:56:05.296] [WARN] generateInvoice: invoice already exists for order 7
[2026-06-27 00:56:05.298] [INFO] [Finance] GenerateInvoice success, id=3 invoice_no=INV202606260001
[2026-06-27 00:56:11.309] [INFO] [Finance] GenerateInvoice success, id=4 invoice_no=INV202606270002
[2026-06-27 00:56:18.627] [INFO] [Finance] GenerateInvoice success, id=5 invoice_no=INV202606270003
[2026-06-27 00:56:22.430] [WARN] generateInvoice: invoice already exists for order 3
[2026-06-27 00:56:22.439] [INFO] [Finance] GenerateInvoice success, id=2 invoice_no=INV20260627001
