[2026-06-26 16:33:22.690] [ERROR] AUTH FAILED!
[2026-06-26 16:33:22.692] [ERROR] AUTH FAILED!
[2026-06-26 16:33:22.693] [ERROR] AUTH FAILED!
[2026-06-26 16:33:22.694] [ERROR] AUTH FAILED!
[2026-06-26 16:33:22.696] [ERROR] AUTH FAILED!
[2026-06-26 16:33:22.696] [INFO] GateServer starting on port 8080
[2026-06-26 16:42:21.940] [INFO] GateServer shutting down
[2026-06-26 16:42:38.172] [ERROR] AUTH FAILED!
[2026-06-26 16:42:38.173] [ERROR] AUTH FAILED!
[2026-06-26 16:42:38.175] [ERROR] AUTH FAILED!
[2026-06-26 16:42:38.176] [ERROR] AUTH FAILED!
[2026-06-26 16:42:38.178] [ERROR] AUTH FAILED!
[2026-06-26 16:42:38.178] [INFO] GateServer starting on port 8080
[2026-06-26 16:46:39.747] [ERROR] UserService UserLogin RPC failed: failed to connect to all addresses
[2026-06-26 16:46:58.794] [ERROR] UserService UserLogin RPC failed: failed to connect to all addresses
[2026-06-26 16:47:21.182] [INFO] GateServer shutting down
[2026-06-26 16:48:03.235] [ERROR] AUTH FAILED!
[2026-06-26 16:48:03.235] [ERROR] AUTH FAILED!
[2026-06-26 16:48:03.236] [ERROR] AUTH FAILED!
[2026-06-26 16:48:03.236] [ERROR] AUTH FAILED!
[2026-06-26 16:48:03.237] [ERROR] AUTH FAILED!
[2026-06-26 16:48:03.237] [INFO] GateServer starting on port 8080
[2026-06-26 16:56:25.073] [ERROR] AUTH FAILED!
[2026-06-26 16:56:25.075] [ERROR] AUTH FAILED!
[2026-06-26 16:56:25.077] [ERROR] AUTH FAILED!
[2026-06-26 16:56:25.079] [ERROR] AUTH FAILED!
[2026-06-26 16:56:25.080] [ERROR] AUTH FAILED!
[2026-06-26 16:56:25.080] [INFO] GateServer starting on port 8080
[2026-06-26 16:56:25.080] [ERROR] Fatal error: bind: Address already in use
[2026-06-26 16:58:29.952] [INFO] GateServer shutting down
[2026-06-26 16:58:30.982] [ERROR] AUTH FAILED!
[2026-06-26 16:58:30.983] [ERROR] AUTH FAILED!
[2026-06-26 16:58:30.984] [ERROR] AUTH FAILED!
[2026-06-26 16:58:30.984] [ERROR] AUTH FAILED!
[2026-06-26 16:58:30.985] [ERROR] AUTH FAILED!
[2026-06-26 16:58:30.985] [INFO] GateServer starting on port 8080
[2026-06-26 16:59:34.211] [INFO] GateServer shutting down
[2026-06-26 17:00:49.207] [INFO] GateServer starting on port 8080
[2026-06-26 18:45:37.325] [INFO] GateServer shutting down
[2026-06-26 18:51:13.297] [INFO] GateServer starting on port 8080
[2026-06-26 18:52:07.074] [ERROR] VehicleService GetMaintenanceList RPC failed: Socket closed
[2026-06-26 18:53:08.356] [INFO] GateServer shutting down
[2026-06-26 18:55:13.355] [INFO] GateServer starting on port 8080
[2026-06-26 18:57:54.533] [INFO] GateServer starting on port 8080
[2026-06-26 19:03:08.072] [INFO] GateServer starting on port 8080
[2026-06-26 19:09:24.909] [INFO] GateServer starting on port 8080
[2026-06-26 19:12:55.480] [INFO] GateServer starting on port 8080
[2026-06-26 19:18:32.805] [INFO] GateServer starting on port 8080
[2026-06-26 19:18:32.806] [ERROR] Fatal error: bind: Address already in use
[2026-06-26 19:40:46.001] [INFO] GateServer starting on port 8080
[2026-06-26 19:40:46.002] [ERROR] Fatal error: bind: Address already in use
[2026-06-26 19:52:42.510] [INFO] GateServer starting on port 8080
[2026-06-26 19:52:42.512] [ERROR] Fatal error: bind: Address already in use
[2026-06-26 19:54:00.067] [INFO] GateServer starting on port 8080
[2026-06-26 20:00:00.227] [INFO] GateServer starting on port 8080
[2026-06-26 20:00:00.229] [ERROR] Fatal error: bind: Address already in use
[2026-06-26 20:24:51.847] [ERROR] VehicleService GetMaintenanceList RPC failed: failed to connect to all addresses
[2026-06-26 20:24:53.657] [ERROR] VehicleService GetOrderList RPC failed: failed to connect to all addresses
[2026-06-26 20:24:54.708] [ERROR] VehicleService GetMaintenanceList RPC failed: failed to connect to all addresses
[2026-06-26 20:24:56.792] [ERROR] VehicleService GetVehicleList RPC failed: failed to connect to all addresses
[2026-06-26 20:24:57.502] [ERROR] FinanceService GetStatsOverview RPC failed: failed to connect to all addresses
[2026-06-26 20:24:59.002] [ERROR] FinanceService GetStatsOverview RPC failed: failed to connect to all addresses
[2026-06-26 20:25:00.251] [ERROR] FinanceService GetRevenueStats RPC failed: failed to connect to all addresses
[2026-06-26 20:25:00.251] [ERROR] FinanceService GetVehicleStats RPC failed: failed to connect to all addresses
[2026-06-26 20:25:01.587] [ERROR] VehicleService GetOrderList RPC failed: failed to connect to all addresses
[2026-06-26 20:25:03.025] [ERROR] FinanceService GetPaymentList RPC failed: failed to connect to all addresses
[2026-06-26 20:25:03.025] [ERROR] FinanceService GetInvoiceList RPC failed: failed to connect to all addresses
[2026-06-26 20:26:28.988] [ERROR] VehicleService GetOrderList RPC failed: failed to connect to all addresses
[2026-06-26 20:26:30.393] [ERROR] VehicleService GetMaintenanceList RPC failed: failed to connect to all addresses
[2026-06-26 20:26:33.459] [ERROR] FinanceService GetStatsOverview RPC failed: failed to connect to all addresses
[2026-06-26 20:26:33.922] [ERROR] VehicleService GetOrderList RPC failed: failed to connect to all addresses
[2026-06-26 20:26:46.611] [ERROR] FinanceService GetInvoiceList RPC failed: failed to connect to all addresses
[2026-06-26 20:26:46.611] [ERROR] FinanceService GetStatsOverview RPC failed: failed to connect to all addresses
[2026-06-26 20:26:48.424] [ERROR] VehicleService GetOrderList RPC failed: failed to connect to all addresses
[2026-06-26 20:26:48.424] [ERROR] VehicleService GetVehicleList RPC failed: failed to connect to all addresses
[2026-06-26 20:26:48.426] [ERROR] VehicleService GetOrderList RPC failed: failed to connect to all addresses
[2026-06-26 20:27:03.394] [ERROR] VehicleService GetVehicleList RPC failed: failed to connect to all addresses
[2026-06-26 20:27:03.395] [ERROR] FinanceService GetStatsOverview RPC failed: failed to connect to all addresses
[2026-06-26 20:27:03.836] [ERROR] VehicleService GetOrderList RPC failed: failed to connect to all addresses
[2026-06-26 20:27:04.058] [ERROR] VehicleService GetOrderList RPC failed: failed to connect to all addresses
[2026-06-26 20:27:19.920] [ERROR] VehicleService GetVehicleList RPC failed: failed to connect to all addresses
[2026-06-26 20:27:20.638] [ERROR] FinanceService GetStatsOverview RPC failed: failed to connect to all addresses
[2026-06-26 20:27:20.876] [ERROR] VehicleService GetOrderList RPC failed: failed to connect to all addresses
[2026-06-26 20:27:25.583] [ERROR] VehicleService GetOrderList RPC failed: failed to connect to all addresses
[2026-06-26 20:27:26.042] [ERROR] VehicleService GetVehicleList RPC failed: failed to connect to all addresses
[2026-06-26 20:27:26.503] [ERROR] FinanceService GetStatsOverview RPC failed: failed to connect to all addresses
[2026-06-26 20:27:26.873] [ERROR] VehicleService GetOrderList RPC failed: failed to connect to all addresses
[2026-06-26 20:27:31.294] [INFO] GateServer starting on port 8080
[2026-06-26 20:27:31.295] [ERROR] Fatal error: bind: Address already in use
[2026-06-26 20:28:40.078] [INFO] GateServer starting on port 8080
[2026-06-26 20:32:30.242] [ERROR] FinanceService GetStatsOverview RPC failed: failed to connect to all addresses
