[2026-06-26 16:33:16.758] [ERROR] AUTH FAILED!
[2026-06-26 16:33:16.760] [ERROR] AUTH FAILED!
[2026-06-26 16:33:16.760] [ERROR] AUTH FAILED!
[2026-06-26 16:33:16.762] [ERROR] AUTH FAILED!
[2026-06-26 16:33:16.763] [ERROR] AUTH FAILED!
[2026-06-26 16:33:16.763] [INFO] UMSServer starting on 0.0.0.0:50053
[2026-06-26 16:33:16.784] [INFO] UMSServer gRPC listening on 0.0.0.0:50053
[2026-06-26 16:42:32.137] [ERROR] AUTH FAILED!
[2026-06-26 16:42:32.139] [ERROR] AUTH FAILED!
[2026-06-26 16:42:32.141] [ERROR] AUTH FAILED!
[2026-06-26 16:42:32.142] [ERROR] AUTH FAILED!
[2026-06-26 16:42:32.143] [ERROR] AUTH FAILED!
[2026-06-26 16:42:32.144] [INFO] UMSServer starting on 0.0.0.0:50053
[2026-06-26 16:42:32.145] [INFO] UMSServer gRPC listening on 0.0.0.0:50053
[2026-06-26 16:46:55.774] [ERROR] AUTH FAILED!
[2026-06-26 16:46:55.775] [ERROR] AUTH FAILED!
[2026-06-26 16:46:55.775] [ERROR] AUTH FAILED!
[2026-06-26 16:46:55.776] [ERROR] AUTH FAILED!
[2026-06-26 16:46:55.776] [ERROR] AUTH FAILED!
[2026-06-26 16:46:55.776] [INFO] UMSServer starting on 0.0.0.0:50053
[2026-06-26 16:46:55.777] [INFO] UMSServer gRPC listening on 0.0.0.0:50053
[2026-06-26 16:47:57.200] [ERROR] AUTH FAILED!
[2026-06-26 16:47:57.201] [ERROR] AUTH FAILED!
[2026-06-26 16:47:57.202] [ERROR] AUTH FAILED!
[2026-06-26 16:47:57.202] [ERROR] AUTH FAILED!
[2026-06-26 16:47:57.202] [ERROR] AUTH FAILED!
[2026-06-26 16:47:57.202] [INFO] UMSServer starting on 0.0.0.0:50053
[2026-06-26 16:47:57.203] [INFO] UMSServer gRPC listening on 0.0.0.0:50053
[2026-06-26 16:51:00.912] [INFO] [UMS] Storing token in Redis: key=utoken_1, token=63308143c61a405eab6e31dded81db76
[2026-06-26 16:51:03.912] [INFO] [UMS] Redis SETEX result: failed
[2026-06-26 16:56:19.031] [INFO] UMSServer starting on 0.0.0.0:50053
[2026-06-26 16:56:19.033] [INFO] UMSServer gRPC listening on 0.0.0.0:50053
[2026-06-26 16:56:28.225] [INFO] [UMS] Storing token in Redis: key=utoken_1, token=63ef52cf392a271594a3e798ef4d31b5
[2026-06-26 16:56:28.226] [INFO] [UMS] Redis SETEX result: success
[2026-06-26 16:57:04.135] [INFO] [UMS] Storing token in Redis: key=utoken_1, token=f8d1f0d209e83ee8452ad3e64e5ed24b
[2026-06-26 16:57:04.138] [INFO] [UMS] Redis SETEX result: success
[2026-06-26 16:57:19.345] [INFO] [UMS] Storing token in Redis: key=utoken_1, token=ffd9efd06104639885492048619389a4
[2026-06-26 16:57:19.345] [INFO] [UMS] Redis SETEX result: success
[2026-06-26 16:57:37.414] [INFO] [UMS] Storing token in Redis: key=utoken_1, token=ea191efef4278d15354cf9efbdce3422
[2026-06-26 16:57:37.414] [INFO] [UMS] Redis SETEX result: success
[2026-06-26 16:58:58.775] [INFO] [UMS] Storing token in Redis: key=utoken_1, token=7bd0f649765b8fff0eb88c3dc3f0aa86
[2026-06-26 16:58:58.776] [INFO] [UMS] Redis SETEX result: success
[2026-06-26 17:00:51.219] [INFO] [UMS] Storing token in Redis: key=utoken_1, token=67eee1e19fca901161f2e9317fa92a1b
[2026-06-26 17:00:51.219] [INFO] [UMS] Redis SETEX result: success
[2026-06-26 17:45:27.956] [INFO] [UMS] Storing token in Redis: key=utoken_1, token=b7f80b0c798eff8fdd320010e1cd7baa
[2026-06-26 17:45:27.957] [INFO] [UMS] Redis SETEX result: success
[2026-06-26 18:26:18.649] [INFO] [UMS] Storing token in Redis: key=utoken_1, token=c6b1597985b4385bb7a5fba154059584
[2026-06-26 18:26:18.651] [INFO] [UMS] Redis SETEX result: success
[2026-06-26 18:37:36.671] [INFO] [UMS] Storing token in Redis: key=utoken_1, token=141b3d149e570ee7ea627a0d9c6d7e98
[2026-06-26 18:37:36.672] [INFO] [UMS] Redis SETEX result: success
[2026-06-26 18:37:54.594] [INFO] [UMS] Storing token in Redis: key=utoken_1, token=51cb192d72a6073030e9ecbdcc9c7c65
[2026-06-26 18:37:54.594] [INFO] [UMS] Redis SETEX result: success
[2026-06-26 18:41:29.175] [ERROR] Error keeping connection alive: Lost connection to MySQL server during query
[2026-06-26 18:41:29.185] [ERROR] Error keeping connection alive: Lost connection to MySQL server during query
[2026-06-26 18:41:29.200] [ERROR] Error keeping connection alive: Lost connection to MySQL server during query
[2026-06-26 18:41:29.221] [ERROR] Error keeping connection alive: Lost connection to MySQL server during query
[2026-06-26 18:41:29.230] [ERROR] Error keeping connection alive: Lost connection to MySQL server during query
[2026-06-26 18:42:20.977] [INFO] [UMS] Storing token in Redis: key=utoken_1, token=4f691121e61a378d94ab13e2cbf21dfc
[2026-06-26 18:42:20.979] [INFO] [UMS] Redis SETEX result: success
[2026-06-26 18:43:23.015] [INFO] [UMS] Storing token in Redis: key=utoken_1, token=2f3ab7e6e0245dbaa36971fe012c2c17
[2026-06-26 18:43:23.016] [INFO] [UMS] Redis SETEX result: success
[2026-06-26 18:51:07.265] [INFO] UMSServer starting on 0.0.0.0:50053
[2026-06-26 18:51:07.274] [INFO] UMSServer gRPC listening on 0.0.0.0:50053
[2026-06-26 18:51:15.279] [ERROR] SQLException in loginUser: Lost connection to MySQL server during query
[2026-06-26 18:51:29.422] [ERROR] Error keeping connection alive: Lost connection to MySQL server during query
[2026-06-26 18:51:51.037] [INFO] [UMS] Storing token in Redis: key=utoken_1, token=7d4e265be0cf450ec5eb7af2ab67bd9f
[2026-06-26 18:51:51.038] [INFO] [UMS] Redis SETEX result: success
[2026-06-26 18:52:03.792] [INFO] [UMS] Storing token in Redis: key=utoken_1, token=69dbc502ad7aedd15a3942863fa1de8a
[2026-06-26 18:52:03.793] [INFO] [UMS] Redis SETEX result: success
[2026-06-26 18:52:16.936] [INFO] [UMS] Storing token in Redis: key=utoken_1, token=6e4d7f18a259d73254a86f8280e6f3c6
[2026-06-26 18:52:16.937] [INFO] [UMS] Redis SETEX result: success
[2026-06-26 18:55:07.342] [INFO] UMSServer starting on 0.0.0.0:50053
[2026-06-26 18:55:07.344] [INFO] UMSServer gRPC listening on 0.0.0.0:50053
[2026-06-26 18:55:16.480] [INFO] [UMS] Storing token in Redis: key=utoken_1, token=ff1a5efdcd6aac58923941cb36a68412
[2026-06-26 18:55:16.480] [INFO] [UMS] Redis SETEX result: success
[2026-06-26 18:57:22.441] [INFO] [UMS] Storing token in Redis: key=utoken_1, token=1c70e14df891d752d7d47ed830f86523
[2026-06-26 18:57:22.442] [INFO] [UMS] Redis SETEX result: success
[2026-06-26 18:57:48.491] [INFO] UMSServer starting on 0.0.0.0:50053
[2026-06-26 18:57:48.492] [INFO] UMSServer gRPC listening on 0.0.0.0:50053
[2026-06-26 18:58:04.736] [INFO] [UMS] Storing token in Redis: key=utoken_1, token=204568175e02125f231dfe772b76b907
[2026-06-26 18:58:04.737] [INFO] [UMS] Redis SETEX result: success
[2026-06-26 19:03:02.022] [INFO] UMSServer starting on 0.0.0.0:50053
[2026-06-26 19:03:02.023] [INFO] UMSServer gRPC listening on 0.0.0.0:50053
[2026-06-26 19:03:11.159] [INFO] [UMS] Storing token in Redis: key=utoken_1, token=5393ad89f37f7723f1d4f851dd049426
[2026-06-26 19:03:11.160] [INFO] [UMS] Redis SETEX result: success
[2026-06-26 19:09:18.863] [INFO] UMSServer starting on 0.0.0.0:50053
[2026-06-26 19:09:18.864] [INFO] UMSServer gRPC listening on 0.0.0.0:50053
[2026-06-26 19:09:28.007] [INFO] [UMS] Storing token in Redis: key=utoken_1, token=94049263e06304f06011c23c72e9103f
[2026-06-26 19:09:28.008] [INFO] [UMS] Redis SETEX result: success
[2026-06-26 19:11:45.024] [ERROR] SQLException in loginUser: Lost connection to MySQL server during query
[2026-06-26 19:11:49.653] [ERROR] SQLException in loginUser: Lost connection to MySQL server during query
[2026-06-26 19:12:49.438] [INFO] UMSServer starting on 0.0.0.0:50053
[2026-06-26 19:12:49.440] [INFO] UMSServer gRPC listening on 0.0.0.0:50053
[2026-06-26 19:13:03.625] [INFO] [UMS] Storing token in Redis: key=utoken_1, token=19796f7e687430f3f958fe3a2fc818f3
[2026-06-26 19:13:03.625] [INFO] [UMS] Redis SETEX result: success
[2026-06-26 19:14:47.494] [INFO] [UMS] Storing token in Redis: key=utoken_1, token=fac73383220c0ab6b97f887d22df739f
[2026-06-26 19:14:47.494] [INFO] [UMS] Redis SETEX result: success
[2026-06-26 19:15:48.028] [INFO] [UMS] Storing token in Redis: key=utoken_1, token=bc2408b5161bc428e68bf78f2076403a
[2026-06-26 19:15:48.029] [INFO] [UMS] Redis SETEX result: success
[2026-06-26 19:16:54.826] [INFO] [UMS] Storing token in Redis: key=utoken_1, token=b122ae1f1628056f3a4a71557d1bd874
[2026-06-26 19:16:54.828] [INFO] [UMS] Redis SETEX result: success
[2026-06-26 19:17:13.409] [INFO] [UMS] Storing token in Redis: key=utoken_1, token=f96aab5b2288f690a40edf65c0a9bea7
[2026-06-26 19:17:13.411] [INFO] [UMS] Redis SETEX result: success
[2026-06-26 19:17:47.641] [INFO] [UMS] Storing token in Redis: key=utoken_1, token=a5801822aee3f43a1b875673b68ac6c8
[2026-06-26 19:17:47.641] [INFO] [UMS] Redis SETEX result: success
[2026-06-26 19:18:26.741] [INFO] UMSServer starting on 0.0.0.0:50053
[2026-06-26 19:18:26.742] [INFO] UMSServer gRPC listening on 0.0.0.0:50053
[2026-06-26 19:25:42.492] [INFO] [UMS] Storing token in Redis: key=utoken_1, token=c87c13fc6f8642d2b6e851db0b8e037e
[2026-06-26 19:25:42.495] [INFO] [UMS] Redis SETEX result: success
[2026-06-26 19:25:44.768] [INFO] [UMS] Storing token in Redis: key=utoken_1, token=720044a407b0319043434137dac4f53f
[2026-06-26 19:25:44.769] [INFO] [UMS] Redis SETEX result: success
[2026-06-26 19:28:25.650] [INFO] [UMS] Storing token in Redis: key=utoken_3, token=4f51a4a7b2b25b4f2d61df99ffe8c8ad
[2026-06-26 19:28:25.650] [INFO] [UMS] Redis SETEX result: success
[2026-06-26 19:29:33.437] [INFO] [UMS] Storing token in Redis: key=utoken_1, token=4c98a0c298b9e8a30565ab4bcdf7d70f
[2026-06-26 19:29:33.438] [INFO] [UMS] Redis SETEX result: success
[2026-06-26 19:31:23.860] [INFO] [UMS] Storing token in Redis: key=utoken_1, token=bb88707495b6c4a90af579ca5185189f
[2026-06-26 19:31:23.861] [INFO] [UMS] Redis SETEX result: success
[2026-06-26 19:40:48.017] [INFO] [UMS] Storing token in Redis: key=utoken_1, token=db7caef19911907dcd49d74325ae4a2d
[2026-06-26 19:40:48.018] [INFO] [UMS] Redis SETEX result: success
[2026-06-26 19:52:44.586] [INFO] [UMS] Storing token in Redis: key=utoken_1, token=790bb8d0b28318c33ed6d3c09729722e
[2026-06-26 19:52:44.590] [INFO] [UMS] Redis SETEX result: success
[2026-06-26 19:54:03.343] [INFO] [UMS] Storing token in Redis: key=utoken_1, token=be72f5e63f202d01aab06599b67e827e
[2026-06-26 19:54:03.344] [INFO] [UMS] Redis SETEX result: success
[2026-06-26 19:55:41.158] [INFO] [UMS] Storing token in Redis: key=utoken_1, token=3302e72167963fa9d9d6553d218e3cc4
[2026-06-26 19:55:41.160] [INFO] [UMS] Redis SETEX result: success
[2026-06-26 19:57:45.252] [INFO] [UMS] Storing token in Redis: key=utoken_1, token=5dc42db7731fa710e974e38567b2353f
[2026-06-26 19:57:45.255] [INFO] [UMS] Redis SETEX result: success
[2026-06-26 19:58:37.156] [INFO] [UMS] Storing token in Redis: key=utoken_1, token=fb7a7d4ae75f0b7283f1d51b3bcbf640
[2026-06-26 19:58:37.158] [INFO] [UMS] Redis SETEX result: success
[2026-06-26 19:58:39.179] [INFO] [UMS] Storing token in Redis: key=utoken_1, token=ec6a05eba9c92ee4de93b42da63d3852
[2026-06-26 19:58:39.180] [INFO] [UMS] Redis SETEX result: success
[2026-06-26 19:59:54.206] [INFO] UMSServer starting on 0.0.0.0:50053
[2026-06-26 19:59:54.207] [INFO] UMSServer gRPC listening on 0.0.0.0:50053
[2026-06-26 20:00:03.339] [INFO] [UMS] Storing token in Redis: key=utoken_1, token=6abd763336e3733316ef720df3f87eb0
[2026-06-26 20:00:03.340] [INFO] [UMS] Redis SETEX result: success
[2026-06-26 20:01:12.496] [INFO] [UMS] Storing token in Redis: key=utoken_1, token=f31de42deb97e64213fb49869062a173
[2026-06-26 20:01:12.497] [INFO] [UMS] Redis SETEX result: success
[2026-06-26 20:05:03.937] [ERROR] Login failed: bad credentials for staff
[2026-06-26 20:05:08.571] [INFO] [UMS] Storing token in Redis: key=utoken_2, token=3f9c5e599cbe04c51617c7d35404d875
[2026-06-26 20:05:08.571] [INFO] [UMS] Redis SETEX result: success
[2026-06-26 20:23:38.564] [INFO] [UMS] Storing token in Redis: key=utoken_1, token=8da664ccfce5c8ccf29cd5173dcd41b8
[2026-06-26 20:23:38.565] [INFO] [UMS] Redis SETEX result: success
[2026-06-26 20:27:25.273] [INFO] UMSServer starting on 0.0.0.0:50053
[2026-06-26 20:27:25.277] [INFO] UMSServer gRPC listening on 0.0.0.0:50053
[2026-06-26 20:27:34.521] [INFO] [UMS] Storing token in Redis: key=utoken_1, token=375313f0a8f2f80fcbb4c22b5974775d
[2026-06-26 20:27:34.522] [INFO] [UMS] Redis SETEX result: success
[2026-06-26 20:27:34.539] [INFO] [UMS] Storing token in Redis: key=utoken_3, token=f6ed0d9240a97c7d623a38beff860429
[2026-06-26 20:27:34.541] [INFO] [UMS] Redis SETEX result: success
[2026-06-26 20:27:34.610] [INFO] [UMS] Storing token in Redis: key=utoken_1, token=9471b3b4110f323a5e57ca2a42fa4194
[2026-06-26 20:27:34.611] [INFO] [UMS] Redis SETEX result: success
[2026-06-26 20:28:13.306] [INFO] [UMS] Storing token in Redis: key=utoken_3, token=acaec4df1cbe13be4e7c2981a54d810c
[2026-06-26 20:28:13.306] [INFO] [UMS] Redis SETEX result: success
[2026-06-26 20:28:51.717] [INFO] [UMS] Storing token in Redis: key=utoken_3, token=06164e27f262a4b63b431e5e9f19d05a
[2026-06-26 20:28:51.719] [INFO] [UMS] Redis SETEX result: success
[2026-06-26 20:29:13.954] [INFO] [UMS] Storing token in Redis: key=utoken_1, token=1eeac7e9a8561ed8854f45b0e4ffc615
[2026-06-26 20:29:13.955] [INFO] [UMS] Redis SETEX result: success
[2026-06-26 20:29:13.975] [INFO] [UMS] TopupBalance uid=3 amount=500
[2026-06-26 20:29:14.006] [INFO] [UMS] Storing token in Redis: key=utoken_3, token=109d0bebdf90b5e471d8283acbbeff6a
[2026-06-26 20:29:14.006] [INFO] [UMS] Redis SETEX result: success
[2026-06-26 20:30:16.971] [INFO] [UMS] Storing token in Redis: key=utoken_1, token=3ebfaebeaab7a522a79f4e3a78af6497
[2026-06-26 20:30:16.971] [INFO] [UMS] Redis SETEX result: success
[2026-06-26 20:31:21.835] [INFO] [UMS] Storing token in Redis: key=utoken_1, token=c2b991536951059d45753527b454c33e
[2026-06-26 20:31:21.836] [INFO] [UMS] Redis SETEX result: success
[2026-06-26 20:32:30.186] [INFO] [UMS] Storing token in Redis: key=utoken_1, token=78088720eb532394a3ef47d1486fd52d
[2026-06-26 20:32:30.187] [INFO] [UMS] Redis SETEX result: success
[2026-06-26 20:33:06.298] [INFO] [UMS] Storing token in Redis: key=utoken_1, token=4073f29a1d70b4b0076bf1ea4e6f47a8
[2026-06-26 20:33:06.298] [INFO] [UMS] Redis SETEX result: success
[2026-06-26 20:33:56.458] [INFO] [UMS] Storing token in Redis: key=utoken_1, token=3ab65bddac59f59287d27641835db8af
[2026-06-26 20:33:56.459] [INFO] [UMS] Redis SETEX result: success
[2026-06-26 20:35:04.664] [INFO] [UMS] Storing token in Redis: key=utoken_1, token=dae4818da0b83d2b1a5e645f097653b8
[2026-06-26 20:35:04.665] [INFO] [UMS] Redis SETEX result: success
[2026-06-26 20:36:36.515] [INFO] [UMS] Storing token in Redis: key=utoken_1, token=e87ce04f17614ecf568fbfcf52d7a5a3
[2026-06-26 20:36:36.516] [INFO] [UMS] Redis SETEX result: success
[2026-06-26 20:42:51.984] [INFO] [UMS] Storing token in Redis: key=utoken_1, token=dae721ea4c1fd6c38b53a64aa08e4ec1
[2026-06-26 20:42:51.984] [INFO] [UMS] Redis SETEX result: success
[2026-06-26 20:44:28.174] [INFO] [UMS] Storing token in Redis: key=utoken_1, token=b16da3a256d7bf3a651406508d82cc5f
[2026-06-26 20:44:28.175] [INFO] [UMS] Redis SETEX result: success
[2026-06-26 20:44:31.359] [INFO] [UMS] Storing token in Redis: key=utoken_1, token=3c3cb1d692fb13af2bd4d314e4a95284
[2026-06-26 20:44:31.360] [INFO] [UMS] Redis SETEX result: success
[2026-06-26 20:49:35.497] [INFO] [UMS] Storing token in Redis: key=utoken_1, token=16b80c8c6d12d791a7abd01b8c37626c
[2026-06-26 20:49:35.498] [INFO] [UMS] Redis SETEX result: success
[2026-06-26 20:49:40.375] [INFO] [UMS] Storing token in Redis: key=utoken_1, token=3fcfff2ab8e6085a0ec9c4b0e105f627
[2026-06-26 20:49:40.375] [INFO] [UMS] Redis SETEX result: success
[2026-06-26 20:54:11.750] [INFO] [UMS] Storing token in Redis: key=utoken_1, token=83eca25a1f90219d2a57d66ed3e9572f
[2026-06-26 20:54:11.750] [INFO] [UMS] Redis SETEX result: success
[2026-06-26 20:55:29.230] [INFO] [UMS] Storing token in Redis: key=utoken_1, token=8f4036d20011508153449d2507886e29
[2026-06-26 20:55:29.231] [INFO] [UMS] Redis SETEX result: success
[2026-06-26 20:56:56.083] [INFO] [UMS] Storing token in Redis: key=utoken_1, token=cc53aa8535e854ac3ba716c6a3446886
[2026-06-26 20:56:56.083] [INFO] [UMS] Redis SETEX result: success
[2026-06-26 20:58:42.375] [INFO] [UMS] Storing token in Redis: key=utoken_1, token=8e98ad5f7205c8f8bbf57a1ddf018945
[2026-06-26 20:58:42.376] [INFO] [UMS] Redis SETEX result: success
[2026-06-26 20:58:48.295] [INFO] [UMS] Storing token in Redis: key=utoken_1, token=57a147685e3fdc264057966b6b4bcaf7
[2026-06-26 20:58:48.295] [INFO] [UMS] Redis SETEX result: success
[2026-06-26 20:58:59.013] [INFO] [UMS] Storing token in Redis: key=utoken_1, token=cc12d1b9a2c7010405cd34cbaa31a702
[2026-06-26 20:58:59.014] [INFO] [UMS] Redis SETEX result: success
[2026-06-26 20:59:27.229] [INFO] [UMS] Storing token in Redis: key=utoken_1, token=fad46ff0005402f3bb881b49d9c1f2c8
[2026-06-26 20:59:27.229] [INFO] [UMS] Redis SETEX result: success
[2026-06-26 21:02:13.538] [INFO] [UMS] Storing token in Redis: key=utoken_1, token=776414e1033517a0e0a1b39f22ca6488
[2026-06-26 21:02:13.538] [INFO] [UMS] Redis SETEX result: success
[2026-06-26 21:02:18.092] [INFO] [UMS] Storing token in Redis: key=utoken_1, token=fc844e6d4346abe5585261e0636971b3
[2026-06-26 21:02:18.093] [INFO] [UMS] Redis SETEX result: success
[2026-06-26 21:03:09.648] [INFO] [UMS] Storing token in Redis: key=utoken_1, token=e7f37e8757b131ca91b3d7b74d88d8da
[2026-06-26 21:03:09.649] [INFO] [UMS] Redis SETEX result: success
[2026-06-26 21:03:27.360] [INFO] [UMS] Storing token in Redis: key=utoken_1, token=94c871bb04ef31a672311a3a88e65af4
[2026-06-26 21:03:27.361] [INFO] [UMS] Redis SETEX result: success
[2026-06-26 21:12:50.598] [INFO] [UMS] Storing token in Redis: key=utoken_1, token=f9d9966eb6f5498237445a010c1723c2
[2026-06-26 21:12:50.599] [INFO] [UMS] Redis SETEX result: success
[2026-06-26 21:12:57.728] [INFO] [UMS] Storing token in Redis: key=utoken_1, token=463e83a08c2edb442e873ea45a1f00da
[2026-06-26 21:12:57.729] [INFO] [UMS] Redis SETEX result: success
[2026-06-26 21:14:13.424] [INFO] [UMS] Storing token in Redis: key=utoken_1, token=fea0b9f7e9d93388ba0128e0796bd07a
[2026-06-26 21:14:13.426] [INFO] [UMS] Redis SETEX result: success
[2026-06-26 21:15:44.526] [INFO] [UMS] Storing token in Redis: key=utoken_1, token=c822c8ecdf4aea622edd79fe322ac5fa
[2026-06-26 21:15:44.527] [INFO] [UMS] Redis SETEX result: success
[2026-06-26 21:17:31.266] [INFO] [UMS] Storing token in Redis: key=utoken_1, token=072e19031e477ef3d81250cf9915e685
[2026-06-26 21:17:31.267] [INFO] [UMS] Redis SETEX result: success
[2026-06-26 21:17:55.454] [INFO] [UMS] Storing token in Redis: key=utoken_1, token=32ebfe26d42d25c5a91875b95b8db962
[2026-06-26 21:17:55.455] [INFO] [UMS] Redis SETEX result: success
[2026-06-26 21:18:47.957] [INFO] [UMS] Storing token in Redis: key=utoken_1, token=8caaf5d35c39690507e3587dbe5cef23
[2026-06-26 21:18:47.958] [INFO] [UMS] Redis SETEX result: success
[2026-06-26 21:18:55.078] [INFO] [UMS] Storing token in Redis: key=utoken_1, token=2f82faee8ab4fcafe633d79721f4ccdb
[2026-06-26 21:18:55.078] [INFO] [UMS] Redis SETEX result: success
[2026-06-26 21:30:33.254] [INFO] [UMS] Storing token in Redis: key=utoken_1, token=6018d3bb5c7694da1aa2d226bb450eb6
[2026-06-26 21:30:33.256] [INFO] [UMS] Redis SETEX result: success
[2026-06-26 21:30:39.300] [INFO] [UMS] Storing token in Redis: key=utoken_1, token=c826efe2858b2c28efab8faf59173a36
[2026-06-26 21:30:39.300] [INFO] [UMS] Redis SETEX result: success
[2026-06-26 21:32:37.341] [INFO] [UMS] Storing token in Redis: key=utoken_1, token=2d7060d569192aeb3b10a4b40fd8e60e
[2026-06-26 21:32:37.341] [INFO] [UMS] Redis SETEX result: success
[2026-06-26 21:33:23.666] [INFO] [UMS] Storing token in Redis: key=utoken_1, token=8738ac0c9c60d87317ad2960259794d6
[2026-06-26 21:33:23.666] [INFO] [UMS] Redis SETEX result: success
[2026-06-26 21:39:12.894] [INFO] [UMS] Storing token in Redis: key=utoken_1, token=1f6d705c65c7160dcf925196def5485f
[2026-06-26 21:39:12.895] [INFO] [UMS] Redis SETEX result: success
[2026-06-26 21:39:48.941] [INFO] [UMS] Storing token in Redis: key=utoken_1, token=88407eb9a6fe2caa6c11a3e7c3a1ec00
[2026-06-26 21:39:48.942] [INFO] [UMS] Redis SETEX result: success
